2018-07-20 10:34:20.770 INFO [main][StartupInfoLogger.java:48] - Starting ServerApplication on Terry123123 with PID 4552 (C:\Users\Administrator\git\huarong-mvc-im\target\classes started by Administrator in C:\Users\Administrator\git\huarong-mvc-im)
2018-07-20 10:34:20.946 INFO [main][SpringApplication.java:597] - The following profiles are active: dev
2018-07-20 10:34:21.193 INFO [main][AbstractApplicationContext.java:583] - Refreshing org.springframework.boot.context.embedded.AnnotationConfigEmbeddedWebApplicationContext@27912e3: startup date [Fri Jul 20 10:34:21 GMT+08:00 2018]; root of context hierarchy
2018-07-20 10:34:22.056 INFO [background-preinit][Version.java:30] - HV000001: Hibernate Validator 5.3.5.Final
2018-07-20 10:34:23.495 INFO [main][RepositoryConfigurationDelegate.java:165] - Multiple Spring Data modules found, entering strict repository configuration mode!
2018-07-20 10:34:23.558 INFO [main][RepositoryConfigurationDelegate.java:165] - Multiple Spring Data modules found, entering strict repository configuration mode!
2018-07-20 10:34:26.817 INFO [main][TomcatEmbeddedServletContainer.java:89] - Tomcat initialized with port(s): 8082 (http)
2018-07-20 10:34:26.859 INFO [main][DirectJDKLog.java:179] - Starting service [Tomcat]
2018-07-20 10:34:26.863 INFO [main][DirectJDKLog.java:179] - Starting Servlet Engine: Apache Tomcat/8.5.20
2018-07-20 10:34:27.476 INFO [localhost-startStop-1][DirectJDKLog.java:179] - Initializing Spring embedded WebApplicationContext
2018-07-20 10:34:27.476 INFO [localhost-startStop-1][EmbeddedWebApplicationContext.java:276] - Root WebApplicationContext: initialization completed in 6310 ms
2018-07-20 10:34:28.053 INFO [localhost-startStop-1][AbstractFilterRegistrationBean.java:258] - Mapping filter: 'characterEncodingFilter' to: [/*]
2018-07-20 10:34:28.054 INFO [localhost-startStop-1][AbstractFilterRegistrationBean.java:258] - Mapping filter: 'hiddenHttpMethodFilter' to: [/*]
2018-07-20 10:34:28.054 INFO [localhost-startStop-1][AbstractFilterRegistrationBean.java:258] - Mapping filter: 'httpPutFormContentFilter' to: [/*]
2018-07-20 10:34:28.054 INFO [localhost-startStop-1][AbstractFilterRegistrationBean.java:258] - Mapping filter: 'requestContextFilter' to: [/*]
2018-07-20 10:34:28.057 INFO [localhost-startStop-1][AbstractFilterRegistrationBean.java:258] - Mapping filter: 'springSecurityFilterChain' to: [/*]
2018-07-20 10:34:28.057 INFO [localhost-startStop-1][ServletRegistrationBean.java:190] - Mapping servlet: 'dispatcherServlet' to [/]
2018-07-20 10:34:28.829 INFO [main][LocalContainerEntityManagerFactoryBean.java:349] - Building JPA container EntityManagerFactory for persistence unit 'default'
2018-07-20 10:34:29.155 INFO [main][Version.java:37] - HHH000412: Hibernate Core {5.0.12.Final}
2018-07-20 10:34:29.158 INFO [main][Environment.java:213] - HHH000206: hibernate.properties not found
2018-07-20 10:34:29.162 INFO [main][Environment.java:317] - HHH000021: Bytecode provider name : javassist
2018-07-20 10:34:29.313 INFO [main][JavaReflectionManager.java:66] - HCANN000001: Hibernate Commons Annotations {5.0.1.Final}
2018-07-20 10:34:31.431 INFO [main][Dialect.java:156] - HHH000400: Using dialect: org.hibernate.dialect.MySQL5Dialect
2018-07-20 10:34:32.541 INFO [main][SchemaUpdate.java:105] - HHH000228: Running hbm2ddl schema update
2018-07-20 10:34:33.217 INFO [main][AbstractEntityManagerFactoryBean.java:379] - Initialized JPA EntityManagerFactory for persistence unit 'default'
2018-07-20 10:34:34.214 INFO [main][RequestMappingHandlerAdapter.java:534] - Looking for @ControllerAdvice: org.springframework.boot.context.embedded.AnnotationConfigEmbeddedWebApplicationContext@27912e3: startup date [Fri Jul 20 10:34:21 GMT+08:00 2018]; root of context hierarchy
2018-07-20 10:34:34.465 INFO [main][AbstractHandlerMethodMapping.java:543] - Mapped "{[/error]}" onto public org.springframework.http.ResponseEntity<java.util.Map<java.lang.String, java.lang.Object>> org.springframework.boot.autoconfigure.web.BasicErrorController.error(javax.servlet.http.HttpServletRequest)
2018-07-20 10:34:34.467 INFO [main][AbstractHandlerMethodMapping.java:543] - Mapped "{[/error],produces=[text/html]}" onto public org.springframework.web.servlet.ModelAndView org.springframework.boot.autoconfigure.web.BasicErrorController.errorHtml(javax.servlet.http.HttpServletRequest,javax.servlet.http.HttpServletResponse)
2018-07-20 10:34:34.516 INFO [main][AbstractUrlHandlerMapping.java:362] - Mapped URL path [/webjars/**] onto handler of type [class org.springframework.web.servlet.resource.ResourceHttpRequestHandler]
2018-07-20 10:34:34.516 INFO [main][AbstractUrlHandlerMapping.java:362] - Mapped URL path [/**] onto handler of type [class org.springframework.web.servlet.resource.ResourceHttpRequestHandler]
2018-07-20 10:34:34.600 INFO [main][AbstractUrlHandlerMapping.java:362] - Mapped URL path [/**/favicon.ico] onto handler of type [class org.springframework.web.servlet.resource.ResourceHttpRequestHandler]
2018-07-20 10:34:36.003 INFO [main][AuthenticationManagerConfiguration.java:173] - 

Using default security password: 6e40a786-27be-4daa-86c7-85bbe8eed72a

2018-07-20 10:34:36.096 INFO [main][DefaultSecurityFilterChain.java:43] - Creating filter chain: OrRequestMatcher [requestMatchers=[Ant [pattern='/css/**'], Ant [pattern='/js/**'], Ant [pattern='/images/**'], Ant [pattern='/webjars/**'], Ant [pattern='/**/favicon.ico'], Ant [pattern='/error']]], []
2018-07-20 10:34:36.214 INFO [main][DefaultSecurityFilterChain.java:43] - Creating filter chain: org.springframework.boot.autoconfigure.security.SpringBootWebSecurityConfiguration$ApplicationNoWebSecurityConfigurerAdapter$1@4243341e, [org.springframework.security.web.context.request.async.WebAsyncManagerIntegrationFilter@d1c5cf2, org.springframework.security.web.context.SecurityContextPersistenceFilter@a826ff8, org.springframework.security.web.header.HeaderWriterFilter@1999149e, org.springframework.security.web.csrf.CsrfFilter@22c8ee48, org.springframework.security.web.authentication.logout.LogoutFilter@fcf9525, org.springframework.security.web.savedrequest.RequestCacheAwareFilter@49889154, org.springframework.security.web.servletapi.SecurityContextHolderAwareRequestFilter@63187d63, org.springframework.security.web.authentication.AnonymousAuthenticationFilter@7e0986c9, org.springframework.security.web.session.SessionManagementFilter@59b447a4, org.springframework.security.web.access.ExceptionTranslationFilter@d62472f]
2018-07-20 10:34:36.592 INFO [main][MBeanExporter.java:431] - Registering beans for JMX exposure on startup
2018-07-20 10:34:36.650 INFO [main][DirectJDKLog.java:179] - Initializing ProtocolHandler ["http-nio-8082"]
2018-07-20 10:34:36.685 INFO [main][DirectJDKLog.java:179] - Starting ProtocolHandler ["http-nio-8082"]
2018-07-20 10:34:36.760 INFO [main][DirectJDKLog.java:179] - Using a shared selector for servlet write/read
2018-07-20 10:34:36.828 INFO [main][TomcatEmbeddedServletContainer.java:201] - Tomcat started on port(s): 8082 (http)
2018-07-20 10:34:36.841 INFO [main][StartupInfoLogger.java:57] - Started ServerApplication in 17.036 seconds (JVM running for 22.558)
2018-07-20 10:35:37.529 INFO [http-nio-8082-exec-9][DirectJDKLog.java:179] - Initializing Spring FrameworkServlet 'dispatcherServlet'
2018-07-20 10:35:37.530 INFO [http-nio-8082-exec-9][FrameworkServlet.java:489] - FrameworkServlet 'dispatcherServlet': initialization started
2018-07-20 10:35:37.582 INFO [http-nio-8082-exec-9][FrameworkServlet.java:508] - FrameworkServlet 'dispatcherServlet': initialization completed in 52 ms
2018-07-20 10:35:56.297 INFO [http-nio-8082-exec-2][DirectJDKLog.java:181] - Error parsing HTTP request header
 Note: further occurrences of HTTP header parsing errors will be logged at DEBUG level.
java.lang.IllegalArgumentException: Invalid character found in method name. HTTP method names must be tokens
	at org.apache.coyote.http11.Http11InputBuffer.parseRequestLine(Http11InputBuffer.java:422) ~[tomcat-embed-core-8.5.20.jar:8.5.20]
	at org.apache.coyote.http11.Http11Processor.service(Http11Processor.java:683) [tomcat-embed-core-8.5.20.jar:8.5.20]
	at org.apache.coyote.AbstractProcessorLight.process(AbstractProcessorLight.java:66) [tomcat-embed-core-8.5.20.jar:8.5.20]
	at org.apache.coyote.AbstractProtocol$ConnectionHandler.process(AbstractProtocol.java:868) [tomcat-embed-core-8.5.20.jar:8.5.20]
	at org.apache.tomcat.util.net.NioEndpoint$SocketProcessor.doRun(NioEndpoint.java:1457) [tomcat-embed-core-8.5.20.jar:8.5.20]
	at org.apache.tomcat.util.net.SocketProcessorBase.run(SocketProcessorBase.java:49) [tomcat-embed-core-8.5.20.jar:8.5.20]
	at java.util.concurrent.ThreadPoolExecutor.runWorker(ThreadPoolExecutor.java:1142) [?:1.8.0_77]
	at java.util.concurrent.ThreadPoolExecutor$Worker.run(ThreadPoolExecutor.java:617) [?:1.8.0_77]
	at org.apache.tomcat.util.threads.TaskThread$WrappingRunnable.run(TaskThread.java:61) [tomcat-embed-core-8.5.20.jar:8.5.20]
	at java.lang.Thread.run(Thread.java:745) [?:1.8.0_77]
2018-07-20 10:35:56.302 INFO [http-nio-8082-exec-3][DirectJDKLog.java:181] - Error parsing HTTP request header
 Note: further occurrences of HTTP header parsing errors will be logged at DEBUG level.
java.lang.IllegalArgumentException: Invalid character found in method name. HTTP method names must be tokens
	at org.apache.coyote.http11.Http11InputBuffer.parseRequestLine(Http11InputBuffer.java:422) ~[tomcat-embed-core-8.5.20.jar:8.5.20]
	at org.apache.coyote.http11.Http11Processor.service(Http11Processor.java:683) [tomcat-embed-core-8.5.20.jar:8.5.20]
	at org.apache.coyote.AbstractProcessorLight.process(AbstractProcessorLight.java:66) [tomcat-embed-core-8.5.20.jar:8.5.20]
	at org.apache.coyote.AbstractProtocol$ConnectionHandler.process(AbstractProtocol.java:868) [tomcat-embed-core-8.5.20.jar:8.5.20]
	at org.apache.tomcat.util.net.NioEndpoint$SocketProcessor.doRun(NioEndpoint.java:1457) [tomcat-embed-core-8.5.20.jar:8.5.20]
	at org.apache.tomcat.util.net.SocketProcessorBase.run(SocketProcessorBase.java:49) [tomcat-embed-core-8.5.20.jar:8.5.20]
	at java.util.concurrent.ThreadPoolExecutor.runWorker(ThreadPoolExecutor.java:1142) [?:1.8.0_77]
	at java.util.concurrent.ThreadPoolExecutor$Worker.run(ThreadPoolExecutor.java:617) [?:1.8.0_77]
	at org.apache.tomcat.util.threads.TaskThread$WrappingRunnable.run(TaskThread.java:61) [tomcat-embed-core-8.5.20.jar:8.5.20]
	at java.lang.Thread.run(Thread.java:745) [?:1.8.0_77]
